

Version:	3.14
CmdLine:	C:\Users\Syed Bilal Abbas\Desktop\Games Pack\out\artifacts\Games_Pack_jar\Games Pack.exe --l4j-debug
WOW64:		yes
Working dir:	C:\Users\Syed Bilal Abbas\Desktop\Games Pack\out\artifacts\Games_Pack_jar\.
Java min ver:	1.009.000
Java max ver:	1.015.000
64-bit search:	SOFTWARE\JavaSoft\Java Runtime Environment...
32-bit search:	SOFTWARE\JavaSoft\Java Runtime Environment...
64-bit search:	SOFTWARE\JavaSoft\Java Development Kit...
32-bit search:	SOFTWARE\JavaSoft\Java Development Kit...
64-bit search:	SOFTWARE\JavaSoft\JRE...
32-bit search:	SOFTWARE\JavaSoft\JRE...
64-bit search:	SOFTWARE\JavaSoft\JDK...
Check:		SOFTWARE\JavaSoft\JDK\15.0.2
Ignore:		1.015.000_002
32-bit search:	SOFTWARE\JavaSoft\JDK...
64-bit search:	SOFTWARE\IBM\Java Runtime Environment...
32-bit search:	SOFTWARE\IBM\Java Runtime Environment...
64-bit search:	SOFTWARE\IBM\Java Development Kit...
32-bit search:	SOFTWARE\IBM\Java Development Kit...
64-bit search:	SOFTWARE\IBM\Java2 Runtime Environment...
32-bit search:	SOFTWARE\IBM\Java2 Runtime Environment...
64-bit search:	SOFTWARE\IBM\Java Development Kit...
32-bit search:	SOFTWARE\IBM\Java Development Kit...
Error msg:	This application requires a Java Runtime Environment 9 - 15
Open URL:	http://java.com/download


Version:	3.14
CmdLine:	C:\Users\Syed Bilal Abbas\Desktop\Games Pack\out\artifacts\Games_Pack_jar\Games Pack.exe --l4j-debug
WOW64:		yes
Working dir:	C:\Users\Syed Bilal Abbas\Desktop\Games Pack\out\artifacts\Games_Pack_jar\.
Java min ver:	1.015.000_001
Java max ver:	1.015.000_002
64-bit search:	SOFTWARE\JavaSoft\Java Runtime Environment...
32-bit search:	SOFTWARE\JavaSoft\Java Runtime Environment...
64-bit search:	SOFTWARE\JavaSoft\Java Development Kit...
32-bit search:	SOFTWARE\JavaSoft\Java Development Kit...
64-bit search:	SOFTWARE\JavaSoft\JRE...
32-bit search:	SOFTWARE\JavaSoft\JRE...
64-bit search:	SOFTWARE\JavaSoft\JDK...
Check:		SOFTWARE\JavaSoft\JDK\15.0.2
Check launcher:	C:\Program Files\Java\jdk-15.0.2\bin\javaw.exe (OK)
Match:		1.015.000_002
Runtime used:	1.015.000_002 (64-bit)
Launcher:	C:\Program Files\Java\jdk-15.0.2\bin\javaw.exe
Launcher args:	-jar "C:\Users\Syed Bilal Abbas\Desktop\Games Pack\out\artifacts\Games_Pack_jar\Games Pack.exe"
Args length:	95/32768 chars
Exit code:	0


Version:	3.14
CmdLine:	C:\Users\Syed Bilal Abbas\Desktop\Games Pack\out\artifacts\Games_Pack_jar\Games Pack.exe --l4j-debug
WOW64:		yes
Working dir:	C:\Users\Syed Bilal Abbas\Desktop\Games Pack\out\artifacts\Games_Pack_jar\.
Java min ver:	1.013.000_002
Java max ver:	1.015.000_002
64-bit search:	SOFTWARE\JavaSoft\Java Runtime Environment...
32-bit search:	SOFTWARE\JavaSoft\Java Runtime Environment...
64-bit search:	SOFTWARE\JavaSoft\Java Development Kit...
32-bit search:	SOFTWARE\JavaSoft\Java Development Kit...
64-bit search:	SOFTWARE\JavaSoft\JRE...
32-bit search:	SOFTWARE\JavaSoft\JRE...
64-bit search:	SOFTWARE\JavaSoft\JDK...
Check:		SOFTWARE\JavaSoft\JDK\15.0.2
Check launcher:	C:\Program Files\Java\jdk-15.0.2\bin\javaw.exe (OK)
Match:		1.015.000_002
Runtime used:	1.015.000_002 (64-bit)
Launcher:	C:\Program Files\Java\jdk-15.0.2\bin\javaw.exe
Launcher args:	-jar "C:\Users\Syed Bilal Abbas\Desktop\Games Pack\out\artifacts\Games_Pack_jar\Games Pack.exe"
Args length:	95/32768 chars
Exit code:	0
